<?xml version="1.0" encoding="UTF-8"?>
<testsuite xmlns:xsi="http://www.w3.org/2001/XMLSchema-instance" xsi:noNamespaceSchemaLocation="https://maven.apache.org/surefire/maven-surefire-plugin/xsd/surefire-test-report-3.0.xsd" version="3.0" name="proj.ResultTest" time="0.975" tests="3" errors="0" skipped="0" failures="0">
  <properties>
[...]
</properties>
  <testcase name="testFail" classname="proj.ResultTest" time="0.013"/>
  <testcase name="testInvalid" classname="proj.ResultTest" time="0.0"/>
  <testcase name="testPass" classname="proj.ResultTest" time="0.0"/>
</testsuite>