<?xml version="1.0" encoding="UTF-8"?>
<!-- Generated by org.testng.reporters.JUnitReportReporter -->
<testsuite hostname="LEGEND" failures="0" tests="3" name="proj.ResultTest" time="0.015" errors="0" timestamp="2026-04-27T02:48:23 IST" skipped="0">
  <testcase classname="proj.ResultTest" name="testPass" time="0.001"/>
  <system-out/>
  <testcase classname="proj.ResultTest" name="testFail" time="0.013"/>
  <system-out/>
  <testcase classname="proj.ResultTest" name="testInvalid" time="0.001"/>
  <system-out/>
</testsuite> <!-- proj.ResultTest -->
